[2015-03-05 15:05:40.169] [DEBUG] dateFileLog - results=[object Object]
[2015-03-05 15:06:54.796] [DEBUG] dateFileLog - results=[object Object]
[2015-03-05 15:12:42.571] [INFO] dateFileLog - GET/login
[2015-03-05 15:14:35.937] [DEBUG] dateFileLog - results=[object Object]
[2015-03-05 15:15:20.372] [DEBUG] dateFileLog - results=[object Object]
[2015-03-05 15:29:09.717] [INFO] dateFileLog - POST/login
[2015-03-05 17:08:06.478] [INFO] dateFileLog - POST/login
[2015-03-05 17:32:56.478] [INFO] dateFileLog - POST/login
[2015-03-05 17:35:27.036] [INFO] dateFileLog - POST/login
[2015-03-05 17:37:04.451] [INFO] dateFileLog - POST/login
[2015-03-05 17:39:08.540] [INFO] dateFileLog - POST/login
[2015-03-05 17:39:50.090] [INFO] dateFileLog - POST/login
[2015-03-05 17:42:32.069] [INFO] dateFileLog - POST/login
[2015-03-06 14:51:41.663] [INFO] dateFileLog - POST/login
[2015-03-06 15:37:25.459] [INFO] dateFileLog - POST/login
[2015-03-06 15:39:04.424] [INFO] dateFileLog - POST/login
[2015-03-06 15:40:57.519] [INFO] dateFileLog - POST/login
[2015-03-06 15:42:46.715] [INFO] dateFileLog - POST/login
[2015-03-06 17:27:52.593] [INFO] dateFileLog - POST/login
[2015-03-06 17:28:15.663] [INFO] dateFileLog - POST/login
[2015-03-09 10:40:53.139] [INFO] dateFileLog - POST/login
[2015-03-09 10:42:20.454] [INFO] dateFileLog - POST/login
[2015-03-09 10:42:54.219] [INFO] dateFileLog - POST/login
[2015-03-09 10:43:06.533] [INFO] dateFileLog - POST/login
[2015-03-09 10:43:09.544] [INFO] dateFileLog - POST/login
[2015-03-09 10:47:54.279] [INFO] dateFileLog - POST/login
[2015-03-09 11:03:47.244] [INFO] dateFileLog - POST/login
[2015-03-09 11:04:42.823] [INFO] dateFileLog - POST/login
[2015-03-09 11:04:56.323] [INFO] dateFileLog - POST/login
[2015-03-09 13:57:25.699] [INFO] dateFileLog - POST/login
[2015-03-09 14:08:18.065] [INFO] dateFileLog - POST/login
[2015-03-09 14:11:13.367] [INFO] dateFileLog - POST/login
[2015-03-09 14:13:20.175] [INFO] dateFileLog - POST/login
[2015-03-09 14:14:25.589] [INFO] dateFileLog - POST/login
[2015-03-09 14:28:53.954] [INFO] dateFileLog - POST/login
[2015-03-09 14:29:22.963] [INFO] dateFileLog - POST/login
[2015-03-09 14:33:00.650] [INFO] dateFileLog - POST/login
[2015-03-09 14:33:46.093] [INFO] dateFileLog - POST/login
[2015-03-09 15:10:21.505] [INFO] dateFileLog - POST/login
[2015-03-09 15:10:37.089] [INFO] dateFileLog - POST/login
[2015-03-09 15:12:01.857] [INFO] dateFileLog - POST/login
[2015-03-09 16:48:39.537] [INFO] dateFileLog - POST/login
[2015-03-09 16:49:24.149] [INFO] dateFileLog - POST/login
[2015-03-09 16:50:56.062] [INFO] dateFileLog - POST/login
[2015-03-09 16:58:10.941] [INFO] dateFileLog - POST/login
[2015-03-09 17:00:54.723] [INFO] dateFileLog - POST/login
[2015-03-09 17:17:40.502] [INFO] dateFileLog - POST/api/v1/products
[2015-03-09 17:17:43.329] [INFO] dateFileLog - POST/api/v1/products
[2015-03-09 17:18:47.952] [INFO] dateFileLog - POST/api/v1/products
[2015-03-09 17:18:55.071] [INFO] dateFileLog - POST/api/v1/products
[2015-03-09 17:36:30.290] [INFO] dateFileLog - POST/api/v1/products
[2015-03-09 17:37:28.340] [INFO] dateFileLog - GET/api/v1/products
